<?xml version="1.0" encoding="UTF-8" standalone="yes"?><!DOCTYPE report PUBLIC "-//JACOCO//DTD Report 1.0//EN" "report.dtd"><report name="gameoflife-build"><sessioninfo id="Danik-PC-6ead781c" start="1421929730310" dump="1421929730876"/><sessioninfo id="Danik-PC-10a46296" start="1421929733626" dump="1421929734097"/><sessioninfo id="Danik-PC-c282b902" start="1421929736674" dump="1421929737182"/><sessioninfo id="Danik-PC-8a751688" start="1421929737782" dump="1421929738516"/><sessioninfo id="NB_lars_senet-48978ad4" start="1506084383467" dump="1506084383696"/><sessioninfo id="NB_lars_senet-5ffd918b" start="1506084384091" dump="1506084384321"/></report>