<?xml version="1.0" encoding="UTF-8" standalone="yes"?><!DOCTYPE report PUBLIC "-//JACOCO//DTD Report 1.0//EN" "report.dtd"><report name="gameoflife-build"><sessioninfo id="DOMINIQUE-75e0b7c4" start="1506278066839" dump="1506278067316"/><sessioninfo id="DOMINIQUE-5f027e" start="1506278067956" dump="1506278068598"/><sessioninfo id="DOMINIQUE-866917a0" start="1506358431707" dump="1506358432113"/><sessioninfo id="DOMINIQUE-49b79cff" start="1506358432715" dump="1506358433528"/><sessioninfo id="DOMINIQUE-5a17e4d5" start="1506359033337" dump="1506359033680"/><sessioninfo id="DOMINIQUE-92553d43" start="1506359034112" dump="1506359034487"/></report>